Arguments: 
  /home/ikushum/.nvm/versions/node/v11.15.0/bin/node /usr/share/yarn/bin/yarn.js

PATH: 
  /home/ikushum/.rvm/gems/ruby-2.4.1/bin:/home/ikushum/.rvm/gems/ruby-2.4.1@global/bin:/home/ikushum/.rvm/rubies/ruby-2.4.1/bin:/home/ikushum/.nvm/versions/node/v11.15.0/bin:/home/ikushum/bin:/home/ikushum/.local/bin:/usr/local/sbin:/usr/local/bin:/usr/sbin:/usr/bin:/sbin:/bin:/usr/games:/usr/local/games:/snap/bin:/home/ikushum/.rvm/bin

Yarn version: 
  1.3.2

Node version: 
  11.15.0

Platform: 
  linux x64

npm manifest: 
  {
    "name": "aspen-meta-input",
    "version": "1.0.0",
    "scripts": {
      "dev": "polymer serve"
    },
    "dependencies": {
      "@polymer/polymer": "latest",
      "@webcomponents/webcomponentsjs": "latest",
      "lit-element": "^2.2.1",
    }
  }

yarn manifest: 
  No manifest

Lockfile: 
  No lockfile

Trace: 
  SyntaxError: /home/ikushum/Desktop/codebases/aspen-meta-input/package.json: Unexpected token } in JSON at position 234
      at JSON.parse (<anonymous>)
      at /usr/share/yarn/lib/cli.js:770:59
      at Generator.next (<anonymous>)
      at step (/usr/share/yarn/lib/cli.js:92:30)
      at /usr/share/yarn/lib/cli.js:103:13
